proguard.cfg
-optimizationpasses 5
-dontusemixedcaseclassnames
-dontskipnonpubliclibraryclasses
-dontpreverify
-verbose
-optimizations !code/simplification/arithmetic,!field/*,!class/merging/*

-keep public class * extends android.app.Activity
-keep public class * extends android.app.Application
-keep public class * extends android.app.Service
-keep public class * extends android.content.BroadcastReceiver
-keep public class * extends android.content.ContentProvider
-keep public class com.android.vending.licensing.ILicensingService

-keepclasseswithmembernames class * {
    native <methods>;
}

-keepclasseswithmembernames class * {
    public <init>(android.content.Context, android.util.AttributeSet);
}

-keepclasseswithmembernames class * {
    public <init>(android.content.Context, android.util.AttributeSet, int);
}

-keepclassmembers enum * {
    public static **[] values();
    public static ** valueOf(java.lang.String);
}

-keep class * implements android.os.Parcelable {
  public static final android.os.Parcelable$Creator *;
}
-libraryjars libs/android-support-v4.jar
-dontwarn android.support.v4.**
-keep class android.support.v4.** { *; }
-keep public class * extends android.support.v4.*
-keep public class * extends android.app.Fragment
-libraryjars libs/ShareSDK-Core-2.1.2.jar
-libraryjars libs/ShareSDK-Wechat-2.1.2.jar
-libraryjars libs/ShareSDK-Wechat-Core-2.1.2.jar
-libraryjars libs/ShareSDK-Wechat-Moments-2.1.2.jar
-libraryjars libs/commons-httpclient-3.1.jar
-libraryjars libs/universal-image-loader-1.8.6.jar
-libraryjars libs/android_api_3_4.jar
-dontwarn cn.sharesdk.framework.**
-dontwarn cn.sharesdk.wechat.friends.**
-dontwarn cn.sharesdk.wechat.moments.**
-dontwarn cn.sharesdk.wechat.utils.**
-dontwarn org.apache.commons.httpclient.**
-dontwarn com.nostra13.universalimageloader.**
-dontwarn com.baidu.**

-keep class cn.sharesdk.framework.** {*; }
-keep class cn.sharesdk.wechat.friends.** {*; }
-keep class cn.sharesdk.wechat.moments.** {*; }
-keep class cn.sharesdk.wechat.utils.** {*; }
-keep class org.apache.commons.httpclient.**{*;}
-keep class com.nostra13.universalimageloader.**{*;}
-keep class com.baidu.**{*;}

 -keep class **.R$* { *; }