proguard/seeds.txt
com.starbaby.diyBook.R$anim
com.starbaby.diyBook.R$anim: int alpha_in
com.starbaby.diyBook.R$anim: int alpha_out
com.starbaby.diyBook.R$anim: int dowm_in
com.starbaby.diyBook.R$anim: int down_out
com.starbaby.diyBook.R$anim: int fade
com.starbaby.diyBook.R$anim: int fade2
com.starbaby.diyBook.R$anim: int head_in
com.starbaby.diyBook.R$anim: int head_out
com.starbaby.diyBook.R$anim: int imageview_aplah
com.starbaby.diyBook.R$anim: int in
com.starbaby.diyBook.R$anim: int loading
com.starbaby.diyBook.R$anim: int none
com.starbaby.diyBook.R$anim: int none2
com.starbaby.diyBook.R$anim: int out
com.starbaby.diyBook.R$anim: int out_to_left
com.starbaby.diyBook.R$anim: int sectionbook_in
com.starbaby.diyBook.R$anim: int sectionbook_out
com.starbaby.diyBook.R$anim: int translate_left
com.starbaby.diyBook.R$anim: int translate_right
com.starbaby.diyBook.R$anim: int translate_up
com.starbaby.diyBook.R$anim: int translucent_zoom_exit
com.starbaby.diyBook.R$anim: int translucent_zoom_in
com.starbaby.diyBook.R$anim: int translucent_zoom_out
com.starbaby.diyBook.R$anim: int vist_in
com.starbaby.diyBook.R$anim: int vist_out
com.starbaby.diyBook.R$anim: int workbook_in
com.starbaby.diyBook.R$anim: int workbook_out
com.starbaby.diyBook.R$anim: R$anim()
com.starbaby.diyBook.R$attr
com.starbaby.diyBook.R$attr: R$attr()
com.starbaby.diyBook.R$color
com.starbaby.diyBook.R$color: int arrow_push_tip
com.starbaby.diyBook.R$color: int author_text
com.starbaby.diyBook.R$color: int bg
com.starbaby.diyBook.R$color: int bg_click_color
com.starbaby.diyBook.R$color: int bg_color
com.starbaby.diyBook.R$color: int black
com.starbaby.diyBook.R$color: int blue
com.starbaby.diyBook.R$color: int bright_foreground_light
com.starbaby.diyBook.R$color: int bright_foreground_light_disabled
com.starbaby.diyBook.R$color: int bright_foreground_light_inverse
com.starbaby.diyBook.R$color: int cyan
com.starbaby.diyBook.R$color: int detail_back
com.starbaby.diyBook.R$color: int detail_gray
com.starbaby.diyBook.R$color: int dim_foreground_light
com.starbaby.diyBook.R$color: int dim_foreground_light_disabled
com.starbaby.diyBook.R$color: int dim_foreground_light_inverse
com.starbaby.diyBook.R$color: int dim_foreground_light_inverse_disabled
com.starbaby.diyBook.R$color: int divider_color
com.starbaby.diyBook.R$color: int face_bg
com.starbaby.diyBook.R$color: int fensi
com.starbaby.diyBook.R$color: int frame_button_text_light
com.starbaby.diyBook.R$color: int frame_button_text_nor
com.starbaby.diyBook.R$color: int frame_button_text_select
com.starbaby.diyBook.R$color: int full_transparent
com.starbaby.diyBook.R$color: int gold
com.starbaby.diyBook.R$color: int gray
com.starbaby.diyBook.R$color: int grayslate
com.starbaby.diyBook.R$color: int graywhite
com.starbaby.diyBook.R$color: int green
...
com.nostra13.universalimageloader.core.decode.BaseImageDecoder
com.nostra13.universalimageloader.core.decode.BaseImageDecoder: java.lang.String LOG_SABSAMPLE_IMAGE
com.nostra13.universalimageloader.core.decode.BaseImageDecoder: java.lang.String LOG_SCALE_IMAGE
com.nostra13.universalimageloader.core.decode.BaseImageDecoder: java.lang.String LOG_ROTATE_IMAGE
com.nostra13.universalimageloader.core.decode.BaseImageDecoder: java.lang.String LOG_FLIP_IMAGE
com.nostra13.universalimageloader.core.decode.BaseImageDecoder: java.lang.String ERROR_CANT_DECODE_IMAGE
com.nostra13.universalimageloader.core.decode.BaseImageDecoder: boolean loggingEnabled
com.nostra13.universalimageloader.core.decode.BaseImageDecoder: BaseImageDecoder(boolean)
com.nostra13.universalimageloader.core.decode.BaseImageDecoder: android.graphics.Bitmap decode(com.nostra13.universalimageloader.core.decode.ImageDecodingInfo)
com.nostra13.universalimageloader.core.decode.BaseImageDecoder: java.io.InputStream getImageStream(com.nostra13.universalimageloader.core.decode.ImageDecodingInfo)
com.nostra13.universalimageloader.core.decode.BaseImageDecoder: com.nostra13.universalimageloader.core.decode.BaseImageDecoder$ImageFileInfo defineImageSizeAndRotation(java.io.InputStream,java.lang.String)
com.nostra13.universalimageloader.core.decode.BaseImageDecoder: com.nostra13.universalimageloader.core.decode.BaseImageDecoder$ExifInfo defineExifOrientation(java.lang.String,java.lang.String)
com.nostra13.universalimageloader.core.decode.BaseImageDecoder$ExifInfo
com.nostra13.universalimageloader.core.decode.BaseImageDecoder$ExifInfo: int rotation
com.nostra13.universalimageloader.core.decode.BaseImageDecoder$ExifInfo: boolean flipHorizontal
com.nostra13.universalimageloader.core.decode.BaseImageDecoder$ExifInfo: BaseImageDecoder$ExifInfo()
com.nostra13.universalimageloader.core.decode.BaseImageDecoder$ExifInfo: BaseImageDecoder$ExifInfo(int,boolean)
com.nostra13.universalimageloader.core.decode.BaseImageDecoder$ImageFileInfo
com.nostra13.universalimageloader.core.decode.BaseImageDecoder$ImageFileInfo: com.nostra13.universalimageloader.core.assist.ImageSize imageSize
com.nostra13.universalimageloader.core.decode.BaseImageDecoder$ImageFileInfo: com.nostra13.universalimageloader.core.decode.BaseImageDecoder$ExifInfo exif
com.nostra13.universalimageloader.core.decode.BaseImageDecoder$ImageFileInfo: BaseImageDecoder$ImageFileInfo(com.nostra13.universalimageloader.core.assist.ImageSize,com.nostra13.universalimageloader.core.decode.BaseImageDecoder$ExifInfo)
com.nostra13.universalimageloader.core.decode.ImageDecoder
com.nostra13.universalimageloader.core.decode.ImageDecoder: android.graphics.Bitmap decode(com.nostra13.universalimageloader.core.decode.ImageDecodingInfo)