proguard/mapping.txt
com.starbaby.diyBook.R -> com.starbaby.diyBook.R:
com.starbaby.diyBook.R$anim -> com.starbaby.diyBook.R$anim:
    int alpha_in -> alpha_in
    int alpha_out -> alpha_out
    int dowm_in -> dowm_in
    int down_out -> down_out
    int fade -> fade
    int fade2 -> fade2
    int head_in -> head_in
    int head_out -> head_out
    int imageview_aplah -> imageview_aplah
    int in -> in
    int loading -> loading
    int none -> none
    int none2 -> none2
    int out -> out
    int out_to_left -> out_to_left
    int sectionbook_in -> sectionbook_in
    int sectionbook_out -> sectionbook_out
    int translate_left -> translate_left
    int translate_right -> translate_right
    int translate_up -> translate_up
    int translucent_zoom_exit -> translucent_zoom_exit
    int translucent_zoom_in -> translucent_zoom_in
    int translucent_zoom_out -> translucent_zoom_out
    int vist_in -> vist_in
    int vist_out -> vist_out
    int workbook_in -> workbook_in
    int workbook_out -> workbook_out
com.starbaby.diyBook.R$attr -> com.starbaby.diyBook.R$attr:
com.starbaby.diyBook.R$color -> com.starbaby.diyBook.R$color:
    int arrow_push_tip -> arrow_push_tip
    int author_text -> author_text
    int bg -> bg
    int bg_click_color -> bg_click_color
    int bg_color -> bg_color
    int black -> black
    int blue -> blue
    int bright_foreground_light -> bright_foreground_light
    int bright_foreground_light_disabled -> bright_foreground_light_disabled
    int bright_foreground_light_inverse -> bright_foreground_light_inverse
    int cyan -> cyan
    int detail_back -> detail_back
    int detail_gray -> detail_gray
    int dim_foreground_light -> dim_foreground_light
    int dim_foreground_light_disabled -> dim_foreground_light_disabled
    int dim_foreground_light_inverse -> dim_foreground_light_inverse
    int dim_foreground_light_inverse_disabled -> dim_foreground_light_inverse_disabled
    int divider_color -> divider_color
    int face_bg -> face_bg
    int fensi -> fensi
    int frame_button_text_light -> frame_button_text_light
    int frame_button_text_nor -> frame_button_text_nor
    int frame_button_text_select -> frame_button_text_select
    int full_transparent -> full_transparent
    int gold -> gold
    int gray -> gray
    int grayslate -> grayslate
    int graywhite -> graywhite
    int green -> green
    int half_transparent -> half_transparent
    int head_text -> head_text
    int hight_light -> hight_light
    int lemonyellow -> lemonyellow
...
android.support.v4.view.ViewPager$2 -> android.support.v4.view.ViewPager$2:
    float getInterpolation(float) -> getInterpolation
android.support.v4.view.ViewPager$3 -> android.support.v4.view.ViewPager$3:
    android.support.v4.view.ViewPager this$0 -> this$0
    void run() -> run
android.support.v4.view.ViewPager$Decor -> android.support.v4.view.ViewPager$Decor:
android.support.v4.view.ViewPager$ItemInfo -> android.support.v4.view.ViewPager$ItemInfo:
    java.lang.Object object -> object
    int position -> position
    boolean scrolling -> scrolling
    float widthFactor -> widthFactor
    float offset -> offset
android.support.v4.view.ViewPager$LayoutParams -> android.support.v4.view.ViewPager$LayoutParams:
    boolean isDecor -> isDecor
    int gravity -> gravity
    float widthFactor -> widthFactor
    boolean needsMeasure -> needsMeasure
    int position -> position
    int childIndex -> childIndex
android.support.v4.view.ViewPager$MyAccessibilityDelegate -> android.support.v4.view.ViewPager$MyAccessibilityDelegate:
    android.support.v4.view.ViewPager this$0 -> this$0
    void onInitializeAccessibilityEvent(android.view.View,android.view.accessibility.AccessibilityEvent) -> onInitializeAccessibilityEvent
    void onInitializeAccessibilityNodeInfo(android.view.View,android.support.v4.view.accessibility.AccessibilityNodeInfoCompat) -> onInitializeAccessibilityNodeInfo
    boolean performAccessibilityAction(android.view.View,int,android.os.Bundle) -> performAccessibilityAction
    boolean canScroll() -> canScroll
android.support.v4.view.ViewPager$OnAdapterChangeListener -> android.support.v4.view.ViewPager$OnAdapterChangeListener:
    void onAdapterChanged(android.support.v4.view.PagerAdapter,android.support.v4.view.PagerAdapter) -> onAdapterChanged
android.support.v4.view.ViewPager$OnPageChangeListener -> android.support.v4.view.ViewPager$OnPageChangeListener:
    void onPageScrolled(int,float,int) -> onPageScrolled
    void onPageSelected(int) -> onPageSelected
    void onPageScrollStateChanged(int) -> onPageScrollStateChanged
android.support.v4.view.ViewPager$PageTransformer -> android.support.v4.view.ViewPager$PageTransformer:
    void transformPage(android.view.View,float) -> transformPage
android.support.v4.view.ViewPager$PagerObserver -> android.support.v4.view.ViewPager$PagerObserver:
    android.support.v4.view.ViewPager this$0 -> this$0
    void onChanged() -> onChanged
    void onInvalidated() -> onInvalidated
android.support.v4.view.ViewPager$SavedState -> android.support.v4.view.ViewPager$SavedState:
    int position -> position
    android.os.Parcelable adapterState -> adapterState
    java.lang.ClassLoader loader -> loader
    android.os.Parcelable$Creator CREATOR -> CREATOR
    void writeToParcel(android.os.Parcel,int) -> writeToParcel
    java.lang.String toString() -> toString
android.support.v4.view.ViewPager$SavedState$1 -> android.support.v4.view.ViewPager$SavedState$1:
    android.support.v4.view.ViewPager$SavedState createFromParcel(android.os.Parcel,java.lang.ClassLoader) -> createFromParcel
    android.support.v4.view.ViewPager$SavedState[] newArray(int) -> newArray
    java.lang.Object[] newArray(int) -> newArray
    java.lang.Object createFromParcel(android.os.Parcel,java.lang.ClassLoader) -> createFromParcel
android.support.v4.view.ViewPager$SimpleOnPageChangeListener -> android.support.v4.view.ViewPager$SimpleOnPageChangeListener:
    void onPageScrolled(int,float,int) -> onPageScrolled
    void onPageSelected(int) -> onPageSelected
    void onPageScrollStateChanged(int) -> onPageScrollStateChanged
android.support.v4.view.ViewPager$ViewPositionComparator -> android.support.v4.view.ViewPager$ViewPositionComparator:
    int compare(android.view.View,android.view.View) -> compare
    int compare(java.lang.Object,java.lang.Object) -> compare