proguard/usage.txt
com.starbaby.diyBook.BuildConfig
com.starbaby.diyBook.R:
    10:10:public R()
com.starbaby.diyBook.adapter.CommentAdapter
com.starbaby.diyBook.adapter.ListViewFriendsAdapter$CallShowInterface
com.starbaby.diyBook.adapter.ListViewPersonalDiaryAdapter:
    public static final int NO_PIC_ITEM
    public static final int PIC_ITEM
    public static final int COUNT_ITEM
com.starbaby.diyBook.adapter.ShareAdapter
com.starbaby.diyBook.adapter.SortAdapter:
    119:124:private java.lang.String getAlpha(java.lang.String)
com.starbaby.diyBook.cache.CoverCacheFromHttp:
    private static final java.lang.String WHOLESALE_CONV
com.starbaby.diyBook.cache.FileCache:
    35:40:public void clear()
com.starbaby.diyBook.cache.GetCoverCache3:
    java.lang.String section
com.starbaby.diyBook.cache.ImageFileCache:
    private static final java.lang.String CACHDIR
    private static final java.lang.String WHOLESALE_CONV
    private static final int MB
    private static final int CACHE_SIZE
    private static final int FREE_SD_SPACE_NEEDED_TO_CACHE
    42:53:public android.graphics.Bitmap getImage(java.lang.String)
    142:145:public void updateFileTime(java.lang.String)
com.starbaby.diyBook.cache.MemoryCache:
    private static final java.lang.String TAG
com.starbaby.diyBook.cache.MusicCache:
    private static final java.lang.String CACHDIR
com.starbaby.diyBook.clientapi.ApiClient:
    public static final java.lang.String UTF_8
    public static final java.lang.String DESC
    public static final java.lang.String ASC
    public static final java.lang.String HOST
    private static final int TIMEOUT_CONNECTION
    private static final int TIMEOUT_SOCKET
    private static final int RETRY_TIME
    private static final int SYS
    private static final java.lang.String IMG
    44:44:public ApiClient()
    161:168:public static com.starbaby.diyBook.clientbean.FansList getFansList(com.starbaby.diyBook.clientapp.AppContext,int,int)
    285:296:public static com.starbaby.diyBook.clientbean.FriendPostList getPostList(com.starbaby.diyBook.clientapp.AppContext,int,int,int,int)
com.starbaby.diyBook.clientapp.AppConfig:
    private static final java.lang.String APP_CONFIG
    public static final java.lang.String TEMP_TWEET
    public static final java.lang.String TEMP_TWEET_IMAGE
    public static final java.lang.String TEMP_MESSAGE
    public static final java.lang.String TEMP_COMMENT
    public static final java.lang.String TEMP_POST_TITLE
    public static final java.lang.String TEMP_POST_CATALOG
    public static final java.lang.String TEMP_POST_CONTENT
    public static final java.lang.String CONF_APP_UNIQUEID
    public static final java.lang.String CONF_COOKIE
    public static final java.lang.String CONF_ACCESSTOKEN
    public static final java.lang.String CONF_ACCESSSECRET
    public static final java.lang.String CONF_EXPIRESIN
    public static final java.lang.String CONF_LOAD_IMAGE
    public static final java.lang.String CONF_SCROLL
    public static final java.lang.String CONF_HTTPS_LOGIN
    public static final java.lang.String CONF_VOICE
    public static final java.lang.String CONF_CHECKUP
    59:59:public static android.content.SharedPreferences getSharedPreferences(android.content.Context)
    67:67:public static boolean isLoadImage(android.content.Context)
    72:72:public java.lang.String getCookie()
    76:77:public void setAccessToken(java.lang.String)
    80:80:public java.lang.String getAccessToken()
    84:85:public void setAccessSecret(java.lang.String)